<?xml version="1.0" encoding="utf-8"?>
<databaseChangeLog
  xmlns="http://www.liquibase.org/xml/ns/dbchangelog"
  xmlns:xsi="http://www.w3.org/2001/XMLSchema-instance"
  xsi:schemaLocation="http://www.liquibase.org/xml/ns/dbchangelog http://www.liquibase.org/xml/ns/dbchangelog/dbchangelog-3.5.xsd">

  <include file="/db/liquibase/changelog/001.initialize.xml"/>
  <include file="/db/liquibase/changelog/002.multiple-film-reports.xml"/>

  <include file="/db/liquibase/changelog/test/insert-test-data.xml"/>

</databaseChangeLog>